..\GLaDOSV3\bin\Release\netcoreapp3.0\GladosV3.dll
..\GLaDOSV3\bin\Release\netcoreapp3.0\GladosV3.exe
..\GLaDOSV3\bin\Release\netcoreapp3.0\Binaries
..\GLaDOSV3\bin\Release\netcoreapp3.0\Modules
..\GLaDOSV3\bin\Release\netcoreapp3.0\Images
..\GLaDOSV3\bin\Release\netcoreapp3.0\Dependencies
..\GLaDOSV3\bin\Release\netcoreapp3.0\runtimes
..\GLaDOSV3\bin\Release\netcoreapp3.0\GladosV3.*.json
..\GLaDOSV3\bin\Release\netcoreapp3.0\*.dll
..\GLaDOSV3\bin\Release\netcoreapp3.0\cs
..\GLaDOSV3\bin\Release\netcoreapp3.0\de
..\GLaDOSV3\bin\Release\netcoreapp3.0\es
..\GLaDOSV3\bin\Release\netcoreapp3.0\fr
..\GLaDOSV3\bin\Release\netcoreapp3.0\it
..\GLaDOSV3\bin\Release\netcoreapp3.0\ja
..\GLaDOSV3\bin\Release\netcoreapp3.0\ko
..\GLaDOSV3\bin\Release\netcoreapp3.0\pl
..\GLaDOSV3\bin\Release\netcoreapp3.0\pl-BR
..\GLaDOSV3\bin\Release\netcoreapp3.0\tr
..\GLaDOSV3\bin\Release\netcoreapp3.0\zh-Hans
..\GLaDOSV3\bin\Release\netcoreapp3.0\zh-Hant